# JRE version: Java(TM) SE Runtime Environment (7.0_79-b15) (build 1.7.0_79-b15)
# Java VM: Java HotSpot(TM) Server VM (24.79-b02 mixed mode linux-x86 )
Heap
 PSYoungGen      total 33792K, used 2554K [0xddf80000, 0xe0300000, 0xf3500000)
  eden space 31232K, 0% used [0xddf80000,0xddf80000,0xdfe00000)
  from space 2560K, 99% used [0xdfe00000,0xe007eb00,0xe0080000)
  to   space 2560K, 0% used [0xe0080000,0xe0080000,0xe0300000)
 ParOldGen       total 41216K, used 6231K [0xb3500000, 0xb5d40000, 0xddf80000)
  object space 41216K, 15% used [0xb3500000,0xb3b15c38,0xb5d40000)
 PSPermGen       total 16384K, used 3903K [0xaf500000, 0xb0500000, 0xb3500000)
  object space 16384K, 23% used [0xaf500000,0xaf8cfcd0,0xb0500000)
GC Heap History (9 events):
Event: 20.040 GC heap before
{Heap before GC invocations=1 (full 0):
 PSYoungGen      total 18176K, used 15616K [0xddf80000, 0xdf3c0000, 0xf3500000)
  eden space 15616K, 100% used [0xddf80000,0xdeec0000,0xdeec0000)
  from space 2560K, 0% used [0xdf140000,0xdf140000,0xdf3c0000)
  to   space 2560K, 0% used [0xdeec0000,0xdeec0000,0xdf140000)
 ParOldGen       total 41216K, used 0K [0xb3500000, 0xb5d40000, 0xddf80000)
  object space 41216K, 0% used [0xb3500000,0xb3500000,0xb5d40000)
 PSPermGen       total 16384K, used 2759K [0xaf500000, 0xb0500000, 0xb3500000)
  object space 16384K, 16% used [0xaf500000,0xaf7b1ea8,0xb0500000)
Event: 20.155 GC heap after
Heap after GC invocations=1 (full 0):
 PSYoungGen      total 18176K, used 1242K [0xddf80000, 0xdf3c0000, 0xf3500000)
  eden space 15616K, 0% used [0xddf80000,0xddf80000,0xdeec0000)
  from space 2560K, 48% used [0xdeec0000,0xdeff6a08,0xdf140000)
  to   space 2560K, 0% used [0xdf140000,0xdf140000,0xdf3c0000)
 ParOldGen       total 41216K, used 0K [0xb3500000, 0xb5d40000, 0xddf80000)
  object space 41216K, 0% used [0xb3500000,0xb3500000,0xb5d40000)
 PSPermGen       total 16384K, used 2759K [0xaf500000, 0xb0500000, 0xb3500000)
  object space 16384K, 16% used [0xaf500000,0xaf7b1ea8,0xb0500000)
}
Event: 22.101 GC heap before
{Heap before GC invocations=2 (full 0):
 PSYoungGen      total 18176K, used 16858K [0xddf80000, 0xdf3c0000, 0xf3500000)
  eden space 15616K, 100% used [0xddf80000,0xdeec0000,0xdeec0000)
  from space 2560K, 48% used [0xdeec0000,0xdeff6a08,0xdf140000)
  to   space 2560K, 0% used [0xdf140000,0xdf140000,0xdf3c0000)
 ParOldGen       total 41216K, used 0K [0xb3500000, 0xb5d40000, 0xddf80000)
  object space 41216K, 0% used [0xb3500000,0xb3500000,0xb5d40000)
 PSPermGen       total 16384K, used 3808K [0xaf500000, 0xb0500000, 0xb3500000)
  object space 16384K, 23% used [0xaf500000,0xaf8b8270,0xb0500000)
Event: 22.127 GC heap after
Heap after GC invocations=2 (full 0):
 PSYoungGen      total 18176K, used 2549K [0xddf80000, 0xdf3c0000, 0xf3500000)
  eden space 15616K, 0% used [0xddf80000,0xddf80000,0xdeec0000)
  from space 2560K, 99% used [0xdf140000,0xdf3bd480,0xdf3c0000)
  to   space 2560K, 0% used [0xdeec0000,0xdeec0000,0xdf140000)
 ParOldGen       total 41216K, used 1841K [0xb3500000, 0xb5d40000, 0xddf80000)
  object space 41216K, 4% used [0xb3500000,0xb36cc540,0xb5d40000)
 PSPermGen       total 16384K, used 3808K [0xaf500000, 0xb0500000, 0xb3500000)
  object space 16384K, 23% used [0xaf500000,0xaf8b8270,0xb0500000)
}
Event: 31.959 GC heap before
{Heap before GC invocations=3 (full 0):
 PSYoungGen      total 18176K, used 18165K [0xddf80000, 0xdf3c0000, 0xf3500000)
  eden space 15616K, 100% used [0xddf80000,0xdeec0000,0xdeec0000)
  from space 2560K, 99% used [0xdf140000,0xdf3bd480,0xdf3c0000)
  to   space 2560K, 0% used [0xdeec0000,0xdeec0000,0xdf140000)
 ParOldGen       total 41216K, used 1841K [0xb3500000, 0xb5d40000, 0xddf80000)
  object space 41216K, 4% used [0xb3500000,0xb36cc540,0xb5d40000)
 PSPermGen       total 16384K, used 3876K [0xaf500000, 0xb0500000, 0xb3500000)
  object space 16384K, 23% used [0xaf500000,0xaf8c9350,0xb0500000)
Event: 32.565 GC heap after
Heap after GC invocations=3 (full 0):
 PSYoungGen      total 18176K, used 2545K [0xddf80000, 0xe0300000, 0xf3500000)
  eden space 15616K, 0% used [0xddf80000,0xddf80000,0xdeec0000)
  from space 2560K, 99% used [0xdeec0000,0xdf13c6e0,0xdf140000)
  to   space 2560K, 0% used [0xe0080000,0xe0080000,0xe0300000)
 ParOldGen       total 41216K, used 3916K [0xb3500000, 0xb5d40000, 0xddf80000)
  object space 41216K, 9% used [0xb3500000,0xb38d3360,0xb5d40000)
 PSPermGen       total 16384K, used 3876K [0xaf500000, 0xb0500000, 0xb3500000)
  object space 16384K, 23% used [0xaf500000,0xaf8c9350,0xb0500000)
}
Event: 44.827 GC heap before
{Heap before GC invocations=4 (full 0):
 PSYoungGen      total 18176K, used 18161K [0xddf80000, 0xe0300000, 0xf3500000)
  eden space 15616K, 100% used [0xddf80000,0xdeec0000,0xdeec0000)
  from space 2560K, 99% used [0xdeec0000,0xdf13c6e0,0xdf140000)
  to   space 2560K, 0% used [0xe0080000,0xe0080000,0xe0300000)
 ParOldGen       total 41216K, used 3917K [0xb3500000, 0xb5d40000, 0xddf80000)
  object space 41216K, 9% used [0xb3500000,0xb38d34d8,0xb5d40000)
 PSPermGen       total 16384K, used 3903K [0xaf500000, 0xb0500000, 0xb3500000)
  object space 16384K, 23% used [0xaf500000,0xaf8cfcd0,0xb0500000)
Event: 48.406 GC heap after
Heap after GC invocations=4 (full 0):
 PSYoungGen      total 33792K, used 2545K [0xddf80000, 0xe0300000, 0xf3500000)
  eden space 31232K, 0% used [0xddf80000,0xddf80000,0xdfe00000)
  from space 2560K, 99% used [0xe0080000,0xe02fc6e0,0xe0300000)
  to   space 2560K, 0% used [0xdfe00000,0xdfe00000,0xe0080000)
 ParOldGen       total 41216K, used 6195K [0xb3500000, 0xb5d40000, 0xddf80000)
  object space 41216K, 15% used [0xb3500000,0xb3b0cc38,0xb5d40000)
 PSPermGen       total 16384K, used 3903K [0xaf500000, 0xb0500000, 0xb3500000)
  object space 16384K, 23% used [0xaf500000,0xaf8cfcd0,0xb0500000)
}
Event: 57.716 GC heap before
{Heap before GC invocations=5 (full 0):
 PSYoungGen      total 33792K, used 2638K [0xddf80000, 0xe0300000, 0xf3500000)
  eden space 31232K, 0% used [0xddf80000,0xddf97180,0xdfe00000)
  from space 2560K, 99% used [0xe0080000,0xe02fc6e0,0xe0300000)
  to   space 2560K, 0% used [0xdfe00000,0xdfe00000,0xe0080000)
 ParOldGen       total 41216K, used 6195K [0xb3500000, 0xb5d40000, 0xddf80000)
  object space 41216K, 15% used [0xb3500000,0xb3b0cc38,0xb5d40000)
 PSPermGen       total 16384K, used 3903K [0xaf500000, 0xb0500000, 0xb3500000)
  object space 16384K, 23% used [0xaf500000,0xaf8cfcd0,0xb0500000)

